[2023-03-01 20:39:59,982][conftest.py 8][INFO]: ------开始执行测试用例------
[2023-03-01 20:39:59,984][test_login_query.py 18][DEBUG]: 读取的数据-{'name': '会员登录接口', 'request': {'method': 'post', 'url': 'http://hn216.api.yesapi.cn/?s=App.User.LoginExt', 'paramse': {'username': 'qqmsn152', 'password': '123qwe', 'app_key': 'A745B9D2CF7B8495944441DBF1BE9751'}}, 'validata': [{'equals': {'status_code': 200}}, {'contains': {'err_code': 0}}]}
[2023-03-01 20:40:00,297][assert_response.py 9][INFO]: 测试用例名：会员登录接口
[2023-03-01 20:40:00,297][assert_response.py 10][INFO]: 请求方法：post
[2023-03-01 20:40:00,297][assert_response.py 11][INFO]: 请求URL：http://hn216.api.yesapi.cn/?s=App.User.LoginExt
[2023-03-01 20:40:00,297][assert_response.py 12][INFO]: 请求参数：{'username': 'qqmsn152', 'password': '123qwe', 'app_key': 'A745B9D2CF7B8495944441DBF1BE9751'}
[2023-03-01 20:40:00,297][assert_response.py 15][INFO]: 预期结果：0
[2023-03-01 20:40:00,297][assert_response.py 16][INFO]: 实际结果：0
[2023-03-01 20:40:00,297][assert_response.py 17][INFO]: 测试结果：成功
[2023-03-01 20:40:00,299][conftest.py 11][INFO]: ------测试用例执行结束------
[2023-03-01 20:42:31,688][conftest.py 8][INFO]: ------开始执行测试用例------
[2023-03-01 20:43:16,734][conftest.py 8][INFO]: ------开始执行测试用例------
[2023-03-01 20:43:16,736][test_login_query.py 18][DEBUG]: 读取的数据-{'name': '会员登录接口', 'request': {'method': 'post', 'url': 'http://hn216.api.yesapi.cn/?s=App.User.LoginExt', 'paramse': {'username': 'qqmsn152', 'password': '123qwe', 'app_key': 'A745B9D2CF7B8495944441DBF1BE9751'}}, 'validata': [{'equals': {'status_code': 200}}, {'contains': {'err_code': 0}}]}
[2023-03-01 20:43:16,937][conftest.py 11][INFO]: ------测试用例执行结束------
[2023-03-01 20:44:51,242][conftest.py 8][INFO]: ------开始执行测试用例------
[2023-03-01 20:44:51,244][test_login_query.py 18][DEBUG]: 读取的数据-{'name': '会员登录接口', 'request': {'method': 'post', 'url': 'http://hn216.api.yesapi.cn/?s=App.User.LoginExt', 'paramse': {'username': 'qqmsn152', 'password': '123qwe', 'app_key': 'A745B9D2CF7B8495944441DBF1BE9751'}}, 'validata': [{'equals': {'status_code': 200}}, {'contains': {'err_code': 0}}]}
[2023-03-01 20:44:51,539][assert_response.py 9][INFO]: 测试用例名：会员登录接口
[2023-03-01 20:44:51,539][assert_response.py 10][INFO]: 请求方法：post
[2023-03-01 20:44:51,539][assert_response.py 11][INFO]: 请求URL：http://hn216.api.yesapi.cn/?s=App.User.LoginExt
[2023-03-01 20:44:51,540][assert_response.py 12][INFO]: 请求参数：{'username': 'qqmsn152', 'password': '123qwe', 'app_key': 'A745B9D2CF7B8495944441DBF1BE9751'}
[2023-03-01 20:44:51,540][assert_response.py 15][INFO]: 预期结果：0
[2023-03-01 20:44:51,540][assert_response.py 16][INFO]: 实际结果：0
[2023-03-01 20:44:51,540][assert_response.py 17][INFO]: 测试结果：成功
[2023-03-01 20:44:51,541][conftest.py 11][INFO]: ------测试用例执行结束------
[2023-03-01 20:55:23,214][conftest.py 8][INFO]: ------开始执行测试用例------
[2023-03-01 20:55:23,589][assert_response.py 9][INFO]: 测试用例名：会员登录接口
[2023-03-01 20:55:23,589][assert_response.py 10][INFO]: 请求方法：post
[2023-03-01 20:55:23,590][assert_response.py 11][INFO]: 请求URL：http://hn216.api.yesapi.cn/?s=App.User.LoginExt
[2023-03-01 20:55:23,590][assert_response.py 12][INFO]: 请求参数：{'username': 'qqmsn152', 'password': '123qwe', 'app_key': 'A745B9D2CF7B8495944441DBF1BE9751'}
[2023-03-01 20:55:23,590][assert_response.py 15][INFO]: 预期结果：0
[2023-03-01 20:55:23,590][assert_response.py 16][INFO]: 实际结果：0
[2023-03-01 20:55:23,590][assert_response.py 17][INFO]: 测试结果：成功
[2023-03-01 20:55:23,698][assert_response.py 9][INFO]: 测试用例名：查询会员接口
[2023-03-01 20:55:23,698][assert_response.py 10][INFO]: 请求方法：get
[2023-03-01 20:55:23,698][assert_response.py 11][INFO]: 请求URL：http://hn216.api.yesapi.cn/?s=App.User.Profile
[2023-03-01 20:55:23,698][assert_response.py 12][INFO]: 请求参数：{'app_key': 'A745B9D2CF7B8495944441DBF1BE9751', 'token': '92C68866EC9759D649C06FA12DD454B6746EE7C92C9810883C96DF35AE9607B6', 'uuid': 'EFD8943F536943C5CE7F9EEC382EB072'}
[2023-03-01 20:55:23,698][assert_response.py 15][INFO]: 预期结果：0
[2023-03-01 20:55:23,698][assert_response.py 16][INFO]: 实际结果：0
[2023-03-01 20:55:23,698][assert_response.py 17][INFO]: 测试结果：成功
[2023-03-01 20:55:23,699][conftest.py 11][INFO]: ------测试用例执行结束------
[2023-03-01 21:07:16,148][conftest.py 8][INFO]: ------开始执行测试用例------
[2023-03-01 21:07:16,320][assert_response.py 9][INFO]: 测试用例名：会员登录接口
[2023-03-01 21:07:16,320][assert_response.py 10][INFO]: 请求方法：post
[2023-03-01 21:07:16,320][assert_response.py 11][INFO]: 请求URL：http://hn216.api.yesapi.cn/?s=App.User.LoginExt
[2023-03-01 21:07:16,320][assert_response.py 12][INFO]: 请求参数：{'username': 'qqmsn152', 'password': '123qwe', 'app_key': 'A745B9D2CF7B8495944441DBF1BE9751'}
[2023-03-01 21:07:16,321][assert_response.py 15][INFO]: 预期结果：0
[2023-03-01 21:07:16,321][assert_response.py 16][INFO]: 实际结果：0
[2023-03-01 21:07:16,321][assert_response.py 17][INFO]: 测试结果：成功
[2023-03-01 21:07:16,443][assert_response.py 9][INFO]: 测试用例名：查询会员接口
[2023-03-01 21:07:16,443][assert_response.py 10][INFO]: 请求方法：get
[2023-03-01 21:07:16,443][assert_response.py 11][INFO]: 请求URL：http://hn216.api.yesapi.cn/?s=App.User.Profile
[2023-03-01 21:07:16,443][assert_response.py 12][INFO]: 请求参数：{'app_key': 'A745B9D2CF7B8495944441DBF1BE9751', 'token': 'B72A8C21FF9B4731297CBCBD5EA00C2C70728F833B030347A4F81F318A59E791', 'uuid': 'EFD8943F536943C5CE7F9EEC382EB072'}
[2023-03-01 21:07:16,443][assert_response.py 15][INFO]: 预期结果：0
[2023-03-01 21:07:16,443][assert_response.py 16][INFO]: 实际结果：0
[2023-03-01 21:07:16,443][assert_response.py 17][INFO]: 测试结果：成功
[2023-03-01 21:07:16,445][conftest.py 11][INFO]: ------测试用例执行结束------
[2023-03-01 21:10:09,677][conftest.py 8][INFO]: ------开始执行测试用例------
[2023-03-01 21:10:09,853][assert_response.py 9][INFO]: 测试用例名：会员登录接口
[2023-03-01 21:10:09,853][assert_response.py 10][INFO]: 请求方法：post
[2023-03-01 21:10:09,853][assert_response.py 11][INFO]: 请求URL：http://hn216.api.yesapi.cn/?s=App.User.LoginExt
[2023-03-01 21:10:09,853][assert_response.py 12][INFO]: 请求参数：{'username': 'qqmsn152', 'password': '123qwe', 'app_key': 'A745B9D2CF7B8495944441DBF1BE9751'}
[2023-03-01 21:10:09,853][assert_response.py 15][INFO]: 预期结果：0
[2023-03-01 21:10:09,854][assert_response.py 16][INFO]: 实际结果：0
[2023-03-01 21:10:09,854][assert_response.py 17][INFO]: 测试结果：成功
[2023-03-01 21:10:09,969][assert_response.py 9][INFO]: 测试用例名：查询会员接口
[2023-03-01 21:10:09,969][assert_response.py 10][INFO]: 请求方法：get
[2023-03-01 21:10:09,969][assert_response.py 11][INFO]: 请求URL：http://hn216.api.yesapi.cn/?s=App.User.Profile
[2023-03-01 21:10:09,970][assert_response.py 12][INFO]: 请求参数：{'app_key': 'A745B9D2CF7B8495944441DBF1BE9751', 'token': 'D8898BF9D545CCD10A8426495FD72A25E178F31AF46C8D03A1DAF90F2B0563BE', 'uuid': 'EFD8943F536943C5CE7F9EEC382EB072'}
[2023-03-01 21:10:09,970][assert_response.py 15][INFO]: 预期结果：0
[2023-03-01 21:10:09,970][assert_response.py 16][INFO]: 实际结果：0
[2023-03-01 21:10:09,970][assert_response.py 17][INFO]: 测试结果：成功
[2023-03-01 21:10:09,971][conftest.py 11][INFO]: ------测试用例执行结束------
[2023-03-01 21:12:34,986][conftest.py 8][INFO]: ------开始执行测试用例------
[2023-03-01 21:12:39,448][assert_response.py 9][INFO]: 测试用例名：会员登录接口
[2023-03-01 21:12:39,448][assert_response.py 10][INFO]: 请求方法：post
[2023-03-01 21:12:39,448][assert_response.py 11][INFO]: 请求URL：http://hn216.api.yesapi.cn/?s=App.User.LoginExt
[2023-03-01 21:12:39,448][assert_response.py 12][INFO]: 请求参数：{'username': 'qqmsn152', 'password': '123qwe', 'app_key': 'A745B9D2CF7B8495944441DBF1BE9751'}
[2023-03-01 21:12:39,448][assert_response.py 15][INFO]: 预期结果：0
[2023-03-01 21:12:39,448][assert_response.py 16][INFO]: 实际结果：0
[2023-03-01 21:12:39,448][assert_response.py 17][INFO]: 测试结果：成功
[2023-03-01 21:12:39,449][conftest.py 11][INFO]: ------测试用例执行结束------
