[2023-03-23 20:59:32,405][request_util.py 24][DEBUG]: 循环读取的数据：1
[2023-03-23 20:59:32,405][request_util.py 30][DEBUG]: 原来的值为：${read_extrct_yaml(app_key)}
[2023-03-23 20:59:32,405][request_util.py 38][DEBUG]: 替换后的值为：A745B9D2CF7B8495944441DBF1BE9751
[2023-03-23 20:59:32,405][request_util.py 48][DEBUG]: 最终的值为：{'username': 'qqmsn152', 'password': '123qwe', 'app_key': 'A745B9D2CF7B8495944441DBF1BE9751'}
[2023-03-23 20:59:32,406][request_util.py 62][DEBUG]: 最终method值为：post
[2023-03-23 20:59:32,406][request_util.py 63][DEBUG]: 最终的url值为：http://hn216.api.yesapi.cn/?s=App.User.LoginExt
[2023-03-23 20:59:32,406][request_util.py 64][DEBUG]: 最终的**kw值为：{'data': {'username': 'qqmsn152', 'password': '123qwe', 'app_key': 'A745B9D2CF7B8495944441DBF1BE9751'}}
[2023-03-23 21:00:02,255][request_util.py 24][DEBUG]: 循环读取的数据：1
[2023-03-23 21:00:02,255][request_util.py 30][DEBUG]: 原来的值为：${read_extrct_yaml(app_key)}
[2023-03-23 21:00:02,255][request_util.py 38][DEBUG]: 替换后的值为：A745B9D2CF7B8495944441DBF1BE9751
[2023-03-23 21:00:02,256][request_util.py 48][DEBUG]: 最终的值为：{'username': 'qqmsn152', 'password': '123qwe', 'app_key': 'A745B9D2CF7B8495944441DBF1BE9751'}
[2023-03-23 21:00:02,256][request_util.py 62][DEBUG]: 最终method值为：get
[2023-03-23 21:00:02,256][request_util.py 63][DEBUG]: 最终的url值为：http://hn216.api.yesapi.cn/?s=App.User.LoginExt
[2023-03-23 21:00:02,256][request_util.py 64][DEBUG]: 最终的**kw值为：{'data': {'username': 'qqmsn152', 'password': '123qwe', 'app_key': 'A745B9D2CF7B8495944441DBF1BE9751'}}
[2023-03-23 21:01:52,018][request_util.py 62][DEBUG]: 最终method值为：post
[2023-03-23 21:01:52,018][request_util.py 63][DEBUG]: 最终的url值为：http://hn216.api.yesapi.cn/?s=App.User.LoginExt
[2023-03-23 21:01:52,018][request_util.py 64][DEBUG]: 最终的**kw值为：{'username': 'qqmsn152', 'password': '123qwe', 'app_key': '${read_extrct_yaml(app_key)}'}
[2023-03-23 21:02:40,876][request_util.py 24][DEBUG]: 循环读取的数据：1
[2023-03-23 21:02:40,876][request_util.py 30][DEBUG]: 原来的值为：${read_extrct_yaml(app_key)}
[2023-03-23 21:02:40,877][request_util.py 38][DEBUG]: 替换后的值为：A745B9D2CF7B8495944441DBF1BE9751
[2023-03-23 21:02:40,877][request_util.py 48][DEBUG]: 最终的值为：{'username': 'qqmsn152', 'password': '123qwe', 'app_key': 'A745B9D2CF7B8495944441DBF1BE9751'}
[2023-03-23 21:02:40,877][request_util.py 62][DEBUG]: 最终method值为：post
[2023-03-23 21:02:40,877][request_util.py 63][DEBUG]: 最终的url值为：http://hn216.api.yesapi.cn/?s=App.User.LoginExt
[2023-03-23 21:02:40,877][request_util.py 64][DEBUG]: 最终的**kw值为：{'data': {'username': 'qqmsn152', 'password': '123qwe', 'app_key': 'A745B9D2CF7B8495944441DBF1BE9751'}}
[2023-03-23 21:09:53,217][request_util.py 24][DEBUG]: 循环读取的数据：1
[2023-03-23 21:09:53,217][request_util.py 30][DEBUG]: 原来的值为：${read_extrct_yaml(app_key)}
[2023-03-23 21:09:53,218][request_util.py 38][DEBUG]: 替换后的值为：A745B9D2CF7B8495944441DBF1BE9751
[2023-03-23 21:09:53,218][request_util.py 48][DEBUG]: 最终的值为：{'username': 'qqmsn152', 'password': '123qwe', 'app_key': 'A745B9D2CF7B8495944441DBF1BE9751'}
[2023-03-23 21:09:53,218][request_util.py 62][DEBUG]: 最终method值为：post
[2023-03-23 21:09:53,218][request_util.py 63][DEBUG]: 最终的url值为：http://hn216.api.yesapi.cn/?s=App.User.LoginExt
[2023-03-23 21:09:53,218][request_util.py 64][DEBUG]: 最终的**kw值为：{'data': {'username': 'qqmsn152', 'password': '123qwe', 'app_key': 'A745B9D2CF7B8495944441DBF1BE9751'}}
[2023-03-23 21:13:16,788][request_util.py 24][DEBUG]: 循环读取的数据：1
[2023-03-23 21:13:16,788][request_util.py 30][DEBUG]: 原来的值为：${read_extrct_yaml(app_key)}
[2023-03-23 21:13:16,789][request_util.py 38][DEBUG]: 替换后的值为：A745B9D2CF7B8495944441DBF1BE9751
[2023-03-23 21:13:16,789][request_util.py 48][DEBUG]: 最终的值为：{'username': 'qqmsn152', 'password': '123qwe', 'app_key': 'A745B9D2CF7B8495944441DBF1BE9751'}
[2023-03-23 21:13:16,789][request_util.py 62][DEBUG]: 最终method值为：post
[2023-03-23 21:13:16,789][request_util.py 63][DEBUG]: 最终的url值为：http://hn216.api.yesapi.cn/?s=App.User.LoginExt
[2023-03-23 21:13:16,789][request_util.py 64][DEBUG]: 最终的**kw值为：{'data': {'username': 'qqmsn152', 'password': '123qwe', 'app_key': 'A745B9D2CF7B8495944441DBF1BE9751'}}
[2023-03-23 21:14:11,110][request_util.py 24][DEBUG]: 循环读取的数据：1
[2023-03-23 21:14:11,110][request_util.py 30][DEBUG]: 原来的值为：${read_extrct_yaml(app_key)}
[2023-03-23 21:14:11,111][request_util.py 38][DEBUG]: 替换后的值为：A745B9D2CF7B8495944441DBF1BE9751
[2023-03-23 21:14:11,111][request_util.py 48][DEBUG]: 最终的值为：{'username': 'qqmsn152', 'password': '123qwe', 'app_key': 'A745B9D2CF7B8495944441DBF1BE9751'}
[2023-03-23 21:14:11,111][request_util.py 62][DEBUG]: 最终method值为：post
[2023-03-23 21:14:11,111][request_util.py 63][DEBUG]: 最终的url值为：http://hn216.api.yesapi.cn/?s=App.User.LoginExt
[2023-03-23 21:14:11,111][request_util.py 64][DEBUG]: 最终的**kw值为：{'json': {'username': 'qqmsn152', 'password': '123qwe', 'app_key': 'A745B9D2CF7B8495944441DBF1BE9751'}}
[2023-03-23 21:14:25,577][request_util.py 24][DEBUG]: 循环读取的数据：1
[2023-03-23 21:14:25,578][request_util.py 30][DEBUG]: 原来的值为：${read_extrct_yaml(app_key)}
[2023-03-23 21:14:25,578][request_util.py 38][DEBUG]: 替换后的值为：A745B9D2CF7B8495944441DBF1BE9751
[2023-03-23 21:14:25,578][request_util.py 48][DEBUG]: 最终的值为：{'username': 'qqmsn152', 'password': '123qwe', 'app_key': 'A745B9D2CF7B8495944441DBF1BE9751'}
[2023-03-23 21:14:25,578][request_util.py 62][DEBUG]: 最终method值为：post
[2023-03-23 21:14:25,578][request_util.py 63][DEBUG]: 最终的url值为：https://hn216.api.yesapi.cn/?s=App.User.LoginExt
[2023-03-23 21:14:25,579][request_util.py 64][DEBUG]: 最终的**kw值为：{'json': {'username': 'qqmsn152', 'password': '123qwe', 'app_key': 'A745B9D2CF7B8495944441DBF1BE9751'}}
[2023-03-23 21:16:18,333][request_util.py 24][DEBUG]: 循环读取的数据：1
[2023-03-23 21:16:18,333][request_util.py 30][DEBUG]: 原来的值为：${read_extrct_yaml(app_key)}
[2023-03-23 21:16:18,333][request_util.py 38][DEBUG]: 替换后的值为：A745B9D2CF7B8495944441DBF1BE9751
[2023-03-23 21:16:18,334][request_util.py 48][DEBUG]: 最终的值为：{'username': 'qqmsn152', 'password': '123qwe', 'app_key': 'A745B9D2CF7B8495944441DBF1BE9751'}
[2023-03-23 21:16:18,334][request_util.py 62][DEBUG]: 最终method值为：post
[2023-03-23 21:16:18,334][request_util.py 63][DEBUG]: 最终的url值为：http://hn216.api.yesapi.cn/?s=App.User.LoginExt
[2023-03-23 21:16:18,334][request_util.py 64][DEBUG]: 最终的**kw值为：{'data': {'username': 'qqmsn152', 'password': '123qwe', 'app_key': 'A745B9D2CF7B8495944441DBF1BE9751'}}
[2023-03-23 21:16:18,494][request_util.py 67][DEBUG]: 返回的res值为：<Response [200]>
[2023-03-23 21:18:23,186][request_util.py 24][DEBUG]: 循环读取的数据：1
[2023-03-23 21:18:23,187][request_util.py 30][DEBUG]: 原来的值为：${read_extrct_yaml(app_key)}
[2023-03-23 21:18:23,187][request_util.py 38][DEBUG]: 替换后的值为：A745B9D2CF7B8495944441DBF1BE9751
[2023-03-23 21:18:23,187][request_util.py 48][DEBUG]: 最终的值为：{'username': 'qqmsn152', 'password': '123qwe', 'app_key': 'A745B9D2CF7B8495944441DBF1BE9751'}
[2023-03-23 21:18:23,187][request_util.py 62][DEBUG]: 最终method值为：post
[2023-03-23 21:18:23,187][request_util.py 63][DEBUG]: 最终的url值为：http://hn216.api.yesapi.cn/?s=App.User.LoginExt
[2023-03-23 21:18:23,187][request_util.py 64][DEBUG]: 最终的**kw值为：{'data': {'username': 'qqmsn152', 'password': '123qwe', 'app_key': 'A745B9D2CF7B8495944441DBF1BE9751'}}
[2023-03-23 21:18:23,360][request_util.py 67][DEBUG]: 返回的res值为：<Response [200]>
[2023-03-23 21:18:23,360][request_util.py 85][DEBUG]: 请求结果为：{'ret': 200, 'data': {'err_code': 0, 'err_msg': '', 'uuid': 'EFD8943F536943C5CE7F9EEC382EB072', 'token': 'EADDF00B4C9178FC172A509D81F8714F818E59777ADB8BA3292C9414A5BCAB72', 'role': 'user'}, 'msg': '', '_t': 1679577496, '_auth': '079f3c96a5eed7e3ae178ad142bd0b9f'}
[2023-03-23 21:22:48,352][request_util.py 24][DEBUG]: 循环读取的数据：1
[2023-03-23 21:22:48,352][request_util.py 30][DEBUG]: 原来的值为：${read_extrct_yaml(app_key)}
[2023-03-23 21:22:48,353][request_util.py 38][DEBUG]: 替换后的值为：A745B9D2CF7B8495944441DBF1BE9751
[2023-03-23 21:22:48,353][request_util.py 48][DEBUG]: 最终的值为：{'username': 'qqmsn152', 'password': '123qwe', 'app_key': 'A745B9D2CF7B8495944441DBF1BE9751'}
[2023-03-23 21:22:48,772][request_util.py 63][DEBUG]: 返回的res值为：<Response [200]>
[2023-03-23 21:22:48,772][request_util.py 81][DEBUG]: 请求结果为：{"ret":200,"data":{"err_code":0,"err_msg":"","uuid":"EFD8943F536943C5CE7F9EEC382EB072","token":"38901B575132BE735214221CE0E6A65A7624A549928AA9DE8E2D281B018DE642","role":"user"},"msg":"","_t":1679577761,"_auth":"5fa78c64e4fce8dc837f6a22b98804bf"}
[2023-03-23 21:22:48,773][request_util.py 94][DEBUG]: jsonpath表达式提取的值为：False
[2023-03-23 21:24:58,263][request_util.py 24][DEBUG]: 循环读取的数据：1
[2023-03-23 21:24:58,264][request_util.py 30][DEBUG]: 原来的值为：${read_extrct_yaml(app_key)}
[2023-03-23 21:24:58,264][request_util.py 38][DEBUG]: 替换后的值为：A745B9D2CF7B8495944441DBF1BE9751
[2023-03-23 21:24:58,264][request_util.py 48][DEBUG]: 最终的值为：{'username': 'qqmsn152', 'password': '123qwe', 'app_key': 'A745B9D2CF7B8495944441DBF1BE9751'}
[2023-03-23 21:24:58,683][request_util.py 63][DEBUG]: 返回的res值为：<Response [200]>
[2023-03-23 21:24:58,683][request_util.py 81][DEBUG]: 请求结果为：{"ret":200,"data":{"err_code":0,"err_msg":"","uuid":"EFD8943F536943C5CE7F9EEC382EB072","token":"ABBEEF056814D230923F4EB0A6E4A31837B38F43DEFDEE36B68EBAC2A4489D37","role":"user"},"msg":"","_t":1679577891,"_auth":"4c50fe32d2b95a692959aab590087879"}
[2023-03-23 21:24:58,684][request_util.py 94][DEBUG]: jsonpath表达式提取的值为：['EFD8943F536943C5CE7F9EEC382EB072']
[2023-03-23 21:24:58,684][request_util.py 88][DEBUG]: 正则表达式提取的值为：<re.Match object; span=(87, 161), match='"token":"ABBEEF056814D230923F4EB0A6E4A31837B38F43>
[2023-03-23 22:17:38,367][request_util.py 24][DEBUG]: 循环读取次数：1
[2023-03-23 22:17:38,367][request_util.py 30][DEBUG]: 原来的值为：${read_extrct_yaml(app_key)}
[2023-03-23 22:17:38,367][request_util.py 38][DEBUG]: 替换后的值为：A745B9D2CF7B8495944441DBF1BE9751
[2023-03-23 22:17:38,368][request_util.py 48][DEBUG]: 最终的值为：{'username': 'qqmsn152', 'password': '123qwe', 'app_key': 'A745B9D2CF7B8495944441DBF1BE9751'}
[2023-03-23 22:17:38,694][request_util.py 127][DEBUG]: 请求结果为：{'ret': 200, 'data': {'err_code': 0, 'err_msg': '', 'uuid': 'EFD8943F536943C5CE7F9EEC382EB072', 'token': 'D295C626E4A1AEB9585B94A73BC1BEB2000BFB29AFD701C2E8E4B12C574C9939', 'role': 'user'}, 'msg': '', '_t': 1679581051, '_auth': '8e32bae91f138c3753da1e6ab052358d'}
[2023-03-23 22:17:38,696][request_util.py 87][INFO]: 【预期结果】：200,【实际结果】：200
[2023-03-23 22:17:38,696][request_util.py 106][INFO]: 【预期结果】：{'err_code': 0},【实际结果】：{'ret': 200, 'data': {'err_code': 0, 'err_msg': '', 'uuid': 'EFD8943F536943C5CE7F9EEC382EB072', 'token': 'D295C626E4A1AEB9585B94A73BC1BEB2000BFB29AFD701C2E8E4B12C574C9939', 'role': 'user'}, 'msg': '', '_t': 1679581051, '_auth': '8e32bae91f138c3753da1e6ab052358d'}
[2023-03-23 22:19:49,320][request_util.py 24][DEBUG]: 循环读取次数：1
[2023-03-23 22:19:49,320][request_util.py 30][DEBUG]: 原来的值为：${read_extrct_yaml(app_key)}
[2023-03-23 22:19:49,320][request_util.py 38][DEBUG]: 替换后的值为：A745B9D2CF7B8495944441DBF1BE9751
[2023-03-23 22:19:49,320][request_util.py 48][DEBUG]: 最终的值为：{'username': 'qqmsn152', 'password': '123qwe', 'app_key': 'A745B9D2CF7B8495944441DBF1BE9751'}
[2023-03-23 22:19:49,657][request_util.py 127][DEBUG]: 请求结果为：{'ret': 200, 'data': {'err_code': 0, 'err_msg': '', 'uuid': 'EFD8943F536943C5CE7F9EEC382EB072', 'token': 'AF85DB91D1A042656363D6ED8AEFDA6F5DC069412E908CB48D4468D4BDD8C805', 'role': 'user'}, 'msg': '', '_t': 1679581182, '_auth': '13d1e8053d43b40ebd5ce313cb6ca7c1'}
[2023-03-23 22:19:49,659][request_util.py 87][INFO]: 【预期结果】：200,【实际结果】：200
[2023-03-23 22:19:49,659][request_util.py 106][INFO]: 【预期结果】：err_code: 0,【实际结果】：{'ret': 200, 'data': {'err_code': 0, 'err_msg': '', 'uuid': 'EFD8943F536943C5CE7F9EEC382EB072', 'token': 'AF85DB91D1A042656363D6ED8AEFDA6F5DC069412E908CB48D4468D4BDD8C805', 'role': 'user'}, 'msg': '', '_t': 1679581182, '_auth': '13d1e8053d43b40ebd5ce313cb6ca7c1'}
[2023-03-23 22:19:49,659][request_util.py 109][ERROR]: 断言失败：返回结果中包含err_code: 0
[2023-03-23 22:23:15,952][request_util.py 24][DEBUG]: 循环读取次数：1
[2023-03-23 22:23:15,952][request_util.py 30][DEBUG]: 原来的值为：${read_extrct_yaml(app_key)}
[2023-03-23 22:23:15,952][request_util.py 38][DEBUG]: 替换后的值为：A745B9D2CF7B8495944441DBF1BE9751
[2023-03-23 22:23:15,952][request_util.py 48][DEBUG]: 最终的值为：{'username': 'qqmsn152', 'password': '123qwe', 'app_key': 'A745B9D2CF7B8495944441DBF1BE9751'}
[2023-03-23 22:23:16,334][request_util.py 127][DEBUG]: 请求结果为：{'ret': 200, 'data': {'err_code': 0, 'err_msg': '', 'uuid': 'EFD8943F536943C5CE7F9EEC382EB072', 'token': 'D264D1F6F72D4C9C29699A78E9304444EEB996FF0F8BE2838996DE2633C95514', 'role': 'user'}, 'msg': '', '_t': 1679581389, '_auth': '3e5c15049c2d3e7e4b3b75eb27ed26e1'}
[2023-03-23 22:23:16,336][request_util.py 87][INFO]: 【预期结果】：200,【实际结果】：200
[2023-03-23 22:23:16,336][request_util.py 106][INFO]: 【预期结果】：err_code: 0,【实际结果】：{'ret': 200, 'data': {'err_code': 0, 'err_msg': '', 'uuid': 'EFD8943F536943C5CE7F9EEC382EB072', 'token': 'D264D1F6F72D4C9C29699A78E9304444EEB996FF0F8BE2838996DE2633C95514', 'role': 'user'}, 'msg': '', '_t': 1679581389, '_auth': '3e5c15049c2d3e7e4b3b75eb27ed26e1'}
[2023-03-23 22:23:16,336][request_util.py 109][ERROR]: 断言失败：返回结果中不包含err_code: 0
[2023-03-23 22:27:27,503][request_util.py 24][DEBUG]: 循环读取次数：1
[2023-03-23 22:27:27,503][request_util.py 30][DEBUG]: 原来的值为：${read_extrct_yaml(app_key)}
[2023-03-23 22:27:27,504][request_util.py 38][DEBUG]: 替换后的值为：A745B9D2CF7B8495944441DBF1BE9751
[2023-03-23 22:27:27,504][request_util.py 48][DEBUG]: 最终的值为：{'username': 'qqmsn152', 'password': '123qwe', 'app_key': 'A745B9D2CF7B8495944441DBF1BE9751'}
[2023-03-23 22:27:27,701][request_util.py 129][DEBUG]: 请求结果为：{'ret': 200, 'data': {'err_code': 0, 'err_msg': '', 'uuid': 'EFD8943F536943C5CE7F9EEC382EB072', 'token': '3EEBEDC08B024EB63670287096A64D4ABAE027ED815104DAD1598B5A50566900', 'role': 'user'}, 'msg': '', '_t': 1679581640, '_auth': 'fc43e57fd41400cb9a39fd50cbb8deb7'}
[2023-03-23 22:27:27,703][request_util.py 87][INFO]: 【预期结果】：200,【实际结果】：200
[2023-03-23 22:27:27,703][request_util.py 107][INFO]: 【预期结果】：err_code: 0,【实际结果】：{'ret': 200, 'data': {'err_code': 0, 'err_msg': '', 'uuid': 'EFD8943F536943C5CE7F9EEC382EB072', 'token': '3EEBEDC08B024EB63670287096A64D4ABAE027ED815104DAD1598B5A50566900', 'role': 'user'}, 'msg': '', '_t': 1679581640, '_auth': 'fc43e57fd41400cb9a39fd50cbb8deb7'}
[2023-03-23 22:27:27,703][request_util.py 108][INFO]: 【预期结果】：<class 'str'>,【实际结果】：<class 'str'>
[2023-03-23 22:27:27,703][request_util.py 111][ERROR]: 断言失败：返回结果中不包含err_code: 0
[2023-03-23 22:28:23,206][request_util.py 24][DEBUG]: 循环读取次数：1
[2023-03-23 22:28:23,206][request_util.py 30][DEBUG]: 原来的值为：${read_extrct_yaml(app_key)}
[2023-03-23 22:28:23,206][request_util.py 38][DEBUG]: 替换后的值为：A745B9D2CF7B8495944441DBF1BE9751
[2023-03-23 22:28:23,207][request_util.py 48][DEBUG]: 最终的值为：{'username': 'qqmsn152', 'password': '123qwe', 'app_key': 'A745B9D2CF7B8495944441DBF1BE9751'}
[2023-03-23 22:28:23,579][request_util.py 129][DEBUG]: 请求结果为：{'ret': 200, 'data': {'err_code': 0, 'err_msg': '', 'uuid': 'EFD8943F536943C5CE7F9EEC382EB072', 'token': 'BDC9367F898774B83108E7FFFF152D4F298AB6B3B6266EA81B9D43B8201B365C', 'role': 'user'}, 'msg': '', '_t': 1679581696, '_auth': '4b81152b3361e742e829fa36f5e7bcc5'}
[2023-03-23 22:28:23,581][request_util.py 87][INFO]: 【预期结果】：200,【实际结果】：200
[2023-03-23 22:28:23,581][request_util.py 107][INFO]: 【预期结果】：data,【实际结果】：{'ret': 200, 'data': {'err_code': 0, 'err_msg': '', 'uuid': 'EFD8943F536943C5CE7F9EEC382EB072', 'token': 'BDC9367F898774B83108E7FFFF152D4F298AB6B3B6266EA81B9D43B8201B365C', 'role': 'user'}, 'msg': '', '_t': 1679581696, '_auth': '4b81152b3361e742e829fa36f5e7bcc5'}
[2023-03-23 22:28:23,581][request_util.py 108][INFO]: 【预期结果】：<class 'str'>,【实际结果】：<class 'str'>
[2023-03-23 22:28:23,581][request_util.py 80][INFO]: 断言成功，测试通过
[2023-03-23 22:29:06,614][request_util.py 24][DEBUG]: 循环读取次数：1
[2023-03-23 22:29:06,614][request_util.py 30][DEBUG]: 原来的值为：${read_extrct_yaml(app_key)}
[2023-03-23 22:29:06,615][request_util.py 38][DEBUG]: 替换后的值为：A745B9D2CF7B8495944441DBF1BE9751
[2023-03-23 22:29:06,615][request_util.py 48][DEBUG]: 最终的值为：{'username': 'qqmsn152', 'password': '123qwe', 'app_key': 'A745B9D2CF7B8495944441DBF1BE9751'}
[2023-03-23 22:29:06,958][request_util.py 129][DEBUG]: 请求结果为：{'ret': 200, 'data': {'err_code': 0, 'err_msg': '', 'uuid': 'EFD8943F536943C5CE7F9EEC382EB072', 'token': 'AE1FE7A1E317324538CD2582AACAC9FC0C3368BE8115847E014AC5686B3529B0', 'role': 'user'}, 'msg': '', '_t': 1679581739, '_auth': '0f402dbd6d24c20357a51205b7da48f3'}
[2023-03-23 22:29:06,960][request_util.py 87][INFO]: 【预期结果】：200,【实际结果】：200
[2023-03-23 22:29:06,960][request_util.py 100][ERROR]: 断言失败：返回的结果中不包括{'err_code': 0}
[2023-03-23 22:29:06,960][request_util.py 107][INFO]: 【预期结果】：data,【实际结果】：{'ret': 200, 'data': {'err_code': 0, 'err_msg': '', 'uuid': 'EFD8943F536943C5CE7F9EEC382EB072', 'token': 'AE1FE7A1E317324538CD2582AACAC9FC0C3368BE8115847E014AC5686B3529B0', 'role': 'user'}, 'msg': '', '_t': 1679581739, '_auth': '0f402dbd6d24c20357a51205b7da48f3'}
[2023-03-23 22:29:06,960][request_util.py 108][INFO]: 【预期结果】：<class 'str'>,【实际结果】：<class 'str'>
[2023-03-23 22:34:05,304][request_util.py 24][DEBUG]: 循环读取次数：1
[2023-03-23 22:34:05,305][request_util.py 30][DEBUG]: 原来的值为：${read_extrct_yaml(app_key)}
[2023-03-23 22:34:05,305][request_util.py 38][DEBUG]: 替换后的值为：A745B9D2CF7B8495944441DBF1BE9751
[2023-03-23 22:34:05,305][request_util.py 48][DEBUG]: 最终的值为：{'username': 'qqmsn152', 'password': '123qwe', 'app_key': 'A745B9D2CF7B8495944441DBF1BE9751'}
[2023-03-23 22:34:05,463][request_util.py 127][DEBUG]: 请求结果为：{'ret': 200, 'data': {'err_code': 0, 'err_msg': '', 'uuid': 'EFD8943F536943C5CE7F9EEC382EB072', 'token': 'EFECBBC10F62660F2FA370DCA7762B4E7B99739C8B3620C14F8DC2949D666083', 'role': 'user'}, 'msg': '', '_t': 1679582038, '_auth': 'fd33d60faf10826437a8a6462ae724ef'}
[2023-03-23 22:34:05,465][request_util.py 87][INFO]: 【预期结果】：200,【实际结果】：200
[2023-03-23 22:34:05,465][request_util.py 94][INFO]: 【预期结果】：0,【实际结果】：[0]
[2023-03-23 22:34:05,465][request_util.py 106][INFO]: 【预期结果】：data,【实际结果】：{'ret': 200, 'data': {'err_code': 0, 'err_msg': '', 'uuid': 'EFD8943F536943C5CE7F9EEC382EB072', 'token': 'EFECBBC10F62660F2FA370DCA7762B4E7B99739C8B3620C14F8DC2949D666083', 'role': 'user'}, 'msg': '', '_t': 1679582038, '_auth': 'fd33d60faf10826437a8a6462ae724ef'}
[2023-03-23 22:34:05,466][request_util.py 80][INFO]: 断言成功，测试通过
[2023-03-23 22:43:25,904][request_util.py 24][DEBUG]: 循环读取次数：1
[2023-03-23 22:43:25,904][request_util.py 30][DEBUG]: 原来的值为：${read_extrct_yaml(app_key)}
[2023-03-23 22:43:25,905][request_util.py 38][DEBUG]: 替换后的值为：A745B9D2CF7B8495944441DBF1BE9751
[2023-03-23 22:43:25,905][request_util.py 48][DEBUG]: 最终的值为：{'username': 'qqmsn152', 'password': '123qwe', 'app_key': 'A745B9D2CF7B8495944441DBF1BE9751'}
[2023-03-23 22:43:26,065][request_util.py 127][DEBUG]: 请求结果为：{'ret': 200, 'data': {'err_code': 0, 'err_msg': '', 'uuid': 'EFD8943F536943C5CE7F9EEC382EB072', 'token': '583E9E034CFDEDB7C9E321924B55A62285CD0BC27C5A72B6617F014898B5DAFD', 'role': 'user'}, 'msg': '', '_t': 1679582598, '_auth': '6b7d6cd70b6556432b5a0f4be526453e'}
[2023-03-23 22:43:26,066][request_util.py 87][INFO]: 【预期结果】：200,【实际结果】：200
[2023-03-23 22:43:26,067][request_util.py 94][INFO]: 【预期结果】：0,【实际结果】：[0]
[2023-03-23 22:43:26,067][request_util.py 106][INFO]: 【预期结果】：data,【实际结果】：{'ret': 200, 'data': {'err_code': 0, 'err_msg': '', 'uuid': 'EFD8943F536943C5CE7F9EEC382EB072', 'token': '583E9E034CFDEDB7C9E321924B55A62285CD0BC27C5A72B6617F014898B5DAFD', 'role': 'user'}, 'msg': '', '_t': 1679582598, '_auth': '6b7d6cd70b6556432b5a0f4be526453e'}
[2023-03-23 22:43:26,067][request_util.py 80][INFO]: 断言成功，测试通过
[2023-03-23 22:52:42,130][conftest.py 8][INFO]: ------开始执行测试用例------
[2023-03-23 22:52:42,140][request_util.py 24][DEBUG]: 循环读取次数：1
[2023-03-23 22:52:42,140][request_util.py 30][DEBUG]: 原来的值为：${read_extrct_yaml(uuid)}
[2023-03-23 22:52:42,189][conftest.py 11][INFO]: ------测试用例执行结束------
[2023-03-23 22:54:44,256][conftest.py 8][INFO]: ------开始执行测试用例------
[2023-03-23 22:54:44,260][conftest.py 11][INFO]: ------测试用例执行结束------
[2023-03-23 22:55:45,756][conftest.py 8][INFO]: ------开始执行测试用例------
[2023-03-23 22:55:45,758][request_util.py 48][DEBUG]: 最终的值为：{'username': 'qqmsn152', 'password': '123qwe', 'app_key': 'A745B9D2CF7B8495944441DBF1BE9751'}
[2023-03-23 22:55:46,151][request_util.py 127][DEBUG]: 请求结果为：{'ret': 200, 'data': {'err_code': 0, 'err_msg': '', 'uuid': 'EFD8943F536943C5CE7F9EEC382EB072', 'token': '0DEF6F4EC805F0D442E53353FB2E250C6ECDE663C465EABEC125F02253A324DF', 'role': 'user'}, 'msg': '', '_t': 1679583338, '_auth': '2c5be61d6d0725fd2a37e993a60a8d52'}
[2023-03-23 22:55:46,153][request_util.py 87][INFO]: 【预期结果】：200,【实际结果】：200
[2023-03-23 22:55:46,153][request_util.py 94][INFO]: 【预期结果】：0,【实际结果】：[0]
[2023-03-23 22:55:46,154][request_util.py 106][INFO]: 【预期结果】：data,【实际结果】：{'ret': 200, 'data': {'err_code': 0, 'err_msg': '', 'uuid': 'EFD8943F536943C5CE7F9EEC382EB072', 'token': '0DEF6F4EC805F0D442E53353FB2E250C6ECDE663C465EABEC125F02253A324DF', 'role': 'user'}, 'msg': '', '_t': 1679583338, '_auth': '2c5be61d6d0725fd2a37e993a60a8d52'}
[2023-03-23 22:55:46,154][request_util.py 80][INFO]: 断言成功，测试通过
[2023-03-23 22:55:46,155][conftest.py 11][INFO]: ------测试用例执行结束------
[2023-03-23 22:56:13,054][conftest.py 8][INFO]: ------开始执行测试用例------
[2023-03-23 22:56:13,056][request_util.py 48][DEBUG]: 最终的值为：{'username': 'qqmsn152', 'password': '123qwe', 'app_key': 'A745B9D2CF7B8495944441DBF1BE9751'}
[2023-03-23 22:56:13,393][request_util.py 127][DEBUG]: 请求结果为：{'ret': 200, 'data': {'err_code': 0, 'err_msg': '', 'uuid': 'EFD8943F536943C5CE7F9EEC382EB072', 'token': '340B7C7B33FCF605260893D981D41B9E3D69E46A4243F0401A30A18B3C598C4A', 'role': 'user'}, 'msg': '', '_t': 1679583366, '_auth': '43635e9f4e4a9247cb4d3b3649d83ee6'}
[2023-03-23 22:56:13,395][request_util.py 87][INFO]: 【预期结果】：200,【实际结果】：200
[2023-03-23 22:56:13,395][request_util.py 94][INFO]: 【预期结果】：0,【实际结果】：[0]
[2023-03-23 22:56:13,396][request_util.py 106][INFO]: 【预期结果】：data,【实际结果】：{'ret': 200, 'data': {'err_code': 0, 'err_msg': '', 'uuid': 'EFD8943F536943C5CE7F9EEC382EB072', 'token': '340B7C7B33FCF605260893D981D41B9E3D69E46A4243F0401A30A18B3C598C4A', 'role': 'user'}, 'msg': '', '_t': 1679583366, '_auth': '43635e9f4e4a9247cb4d3b3649d83ee6'}
[2023-03-23 22:56:13,396][request_util.py 80][INFO]: 断言成功，测试通过
[2023-03-23 22:56:13,400][request_util.py 24][DEBUG]: 循环读取次数：1
[2023-03-23 22:56:13,400][request_util.py 30][DEBUG]: 原来的值为：${read_extrct_yaml(uuid)}
[2023-03-23 22:56:13,401][request_util.py 38][DEBUG]: 替换后的值为：EFD8943F536943C5CE7F9EEC382EB072
[2023-03-23 22:56:13,401][request_util.py 24][DEBUG]: 循环读取次数：2
[2023-03-23 22:56:13,401][request_util.py 30][DEBUG]: 原来的值为：${read_extrct_yaml(token)}
[2023-03-23 22:56:13,401][request_util.py 38][DEBUG]: 替换后的值为：340B7C7B33FCF605260893D981D41B9E3D69E46A4243F0401A30A18B3C598C4A
[2023-03-23 22:56:13,401][request_util.py 48][DEBUG]: 最终的值为：{'app_key': 'A745B9D2CF7B8495944441DBF1BE9751', 'uuid': 'EFD8943F536943C5CE7F9EEC382EB072', 'token': '340B7C7B33FCF605260893D981D41B9E3D69E46A4243F0401A30A18B3C598C4A'}
[2023-03-23 22:56:13,473][request_util.py 127][DEBUG]: 请求结果为：{'ret': 200, 'data': {'err_code': 0, 'err_msg': '', 'info': {'uuid': 'EFD8943F536943C5CE7F9EEC382EB072', 'username': 'qqmsn152', 'role': 'user', 'rolename': '普通会员', 'register_time': '2023-02-19 11:15:32', 'register_ip': '222.209.111.69', 'ext_info': {'yesapi_avatar': '', 'yesapi_avatar_https': '', 'yesapi_nickname': '', 'yesapi_email': '', 'yesapi_sex': '', 'yesapi_real_name': '', 'yesapi_points': 0, 'yesapi_reg_source': '', 'yesapi_reg_note': '', 'yesapi_mobile': '', 'yesapi_expiration_time': '', 'location': '广东12'}, 'status': 0}}, 'msg': '', '_t': 1679583366, '_auth': 'cd79a89512499d19a4dae37cd88aec63'}
[2023-03-23 22:56:13,473][request_util.py 87][INFO]: 【预期结果】：200,【实际结果】：200
[2023-03-23 22:56:13,473][request_util.py 106][INFO]: 【预期结果】：data,【实际结果】：{'ret': 200, 'data': {'err_code': 0, 'err_msg': '', 'info': {'uuid': 'EFD8943F536943C5CE7F9EEC382EB072', 'username': 'qqmsn152', 'role': 'user', 'rolename': '普通会员', 'register_time': '2023-02-19 11:15:32', 'register_ip': '222.209.111.69', 'ext_info': {'yesapi_avatar': '', 'yesapi_avatar_https': '', 'yesapi_nickname': '', 'yesapi_email': '', 'yesapi_sex': '', 'yesapi_real_name': '', 'yesapi_points': 0, 'yesapi_reg_source': '', 'yesapi_reg_note': '', 'yesapi_mobile': '', 'yesapi_expiration_time': '', 'location': '广东12'}, 'status': 0}}, 'msg': '', '_t': 1679583366, '_auth': 'cd79a89512499d19a4dae37cd88aec63'}
[2023-03-23 22:56:13,473][request_util.py 80][INFO]: 断言成功，测试通过
[2023-03-23 22:56:13,474][conftest.py 11][INFO]: ------测试用例执行结束------
